1609984004365	geckodriver	INFO	Listening on 127.0.0.1:52267
1609984007401	mozrunner::runner	INFO	Running command: "C:\\Program Files\\Mozilla Firefox\\firefox.exe" "--marionette" "-foreground" "-no-remote" "-profile" "C:\\Users\\TYRANN~1\\AppData\\Local\\Temp\\rust_mozprofilew0O5ja"
1609984043812	geckodriver	INFO	Listening on 127.0.0.1:52304
1609984046846	mozrunner::runner	INFO	Running command: "C:\\Program Files\\Mozilla Firefox\\firefox.exe" "--marionette" "-foreground" "-no-remote" "-profile" "C:\\Users\\TYRANN~1\\AppData\\Local\\Temp\\rust_mozprofilewnjuXU"
console.warn: SearchSettings: "get: No settings file exists, new profile?" (new Error("", "(unknown module)"))
1609984048377	Marionette	INFO	Listening on port 52314
1609984048868	Marionette	WARN	TLS certificate errors will be ignored for this session
Can't find symbol 'eglSwapBuffersWithDamageEXT'.
Can't find symbol 'eglSetDamageRegionKHR'.
1609984053327	Marionette	INFO	Stopped listening on port 52314

###!!! [Child][RunMessage] Error: Channel closing: too late to send/recv, messages will be lost

1609984384113	geckodriver	INFO	Listening on 127.0.0.1:52573
1609984387151	mozrunner::runner	INFO	Running command: "C:\\Program Files\\Mozilla Firefox\\firefox.exe" "--marionette" "-foreground" "-no-remote" "-profile" "C:\\Users\\TYRANN~1\\AppData\\Local\\Temp\\rust_mozprofilelhDPSP"
console.warn: SearchSettings: "get: No settings file exists, new profile?" (new Error("", "(unknown module)"))
1609984388723	Marionette	INFO	Listening on port 52581
1609984389181	Marionette	WARN	TLS certificate errors will be ignored for this session
Can't find symbol 'eglSwapBuffersWithDamageEXT'.
Can't find symbol 'eglSetDamageRegionKHR'.
1609984394355	Marionette	INFO	Stopped listening on port 52581

###!!! [Child][RunMessage] Error: Channel closing: too late to send/recv, messages will be lost

1609984712380	geckodriver	INFO	Listening on 127.0.0.1:52883
1609984715414	mozrunner::runner	INFO	Running command: "C:\\Program Files\\Mozilla Firefox\\firefox.exe" "--marionette" "-foreground" "-no-remote" "-profile" "C:\\Users\\TYRANN~1\\AppData\\Local\\Temp\\rust_mozprofileXQkXbW"
console.warn: SearchSettings: "get: No settings file exists, new profile?" (new Error("", "(unknown module)"))
1609984716762	Marionette	INFO	Listening on port 52891
1609984716936	Marionette	WARN	TLS certificate errors will be ignored for this session
Can't find symbol 'eglSwapBuffersWithDamageEXT'.
Can't find symbol 'eglSetDamageRegionKHR'.
1609984723995	Marionette	INFO	Stopped listening on port 52891

###!!! [Child][RunMessage] Error: Channel closing: too late to send/recv, messages will be lost

1609984924029	geckodriver	INFO	Listening on 127.0.0.1:53266
1609984927076	mozrunner::runner	INFO	Running command: "C:\\Program Files\\Mozilla Firefox\\firefox.exe" "--marionette" "-foreground" "-no-remote" "-profile" "C:\\Users\\TYRANN~1\\AppData\\Local\\Temp\\rust_mozprofileENXZID"
console.warn: SearchSettings: "get: No settings file exists, new profile?" (new Error("", "(unknown module)"))
1609984928394	Marionette	INFO	Listening on port 53274
1609984928598	Marionette	WARN	TLS certificate errors will be ignored for this session
Can't find symbol 'eglSwapBuffersWithDamageEXT'.
Can't find symbol 'eglSetDamageRegionKHR'.
1609984934963	Marionette	INFO	Stopped listening on port 53274

###!!! [Child][RunMessage] Error: Channel closing: too late to send/recv, messages will be lost


###!!! [Child][RunMessage] Error: Channel closing: too late to send/recv, messages will be lost

1609985109841	geckodriver	INFO	Listening on 127.0.0.1:53724
1609985112877	mozrunner::runner	INFO	Running command: "C:\\Program Files\\Mozilla Firefox\\firefox.exe" "--marionette" "-foreground" "-no-remote" "-profile" "C:\\Users\\TYRANN~1\\AppData\\Local\\Temp\\rust_mozprofileAwjIAJ"
console.warn: SearchSettings: "get: No settings file exists, new profile?" (new Error("", "(unknown module)"))
1609985114231	Marionette	INFO	Listening on port 53732
1609985114397	Marionette	WARN	TLS certificate errors will be ignored for this session
JavaScript error: resource://activity-stream/lib/ASRouter.jsm, line 987: NS_ERROR_ILLEGAL_VALUE: Component returned failure code: 0x80070057 (NS_ERROR_ILLEGAL_VALUE) [nsIObserverService.removeObserver]
[Parent 7548, Gecko_IOThread] WARNING: file /builds/worker/checkouts/gecko/ipc/chromium/src/base/process_util_win.cc:166
1609985115533	Marionette	INFO	Stopped listening on port 53732

###!!! [Child][RunMessage] Error: Channel closing: too late to send/recv, messages will be lost

1609985122602	geckodriver	INFO	Listening on 127.0.0.1:53776
1609985125638	mozrunner::runner	INFO	Running command: "C:\\Program Files\\Mozilla Firefox\\firefox.exe" "--marionette" "-foreground" "-no-remote" "-profile" "C:\\Users\\TYRANN~1\\AppData\\Local\\Temp\\rust_mozprofileqxKFQX"
console.warn: SearchSettings: "get: No settings file exists, new profile?" (new Error("", "(unknown module)"))
1609985126950	Marionette	INFO	Listening on port 53784
1609985127157	Marionette	WARN	TLS certificate errors will be ignored for this session
Can't find symbol 'eglSwapBuffersWithDamageEXT'.
Can't find symbol 'eglSetDamageRegionKHR'.
1609985133077	Marionette	INFO	Stopped listening on port 53784

###!!! [Child][RunMessage] Error: Channel closing: too late to send/recv, messages will be lost

1609985184576	geckodriver	INFO	Listening on 127.0.0.1:54057
1609985187610	mozrunner::runner	INFO	Running command: "C:\\Program Files\\Mozilla Firefox\\firefox.exe" "--marionette" "-foreground" "-no-remote" "-profile" "C:\\Users\\TYRANN~1\\AppData\\Local\\Temp\\rust_mozprofileFbri23"
console.warn: SearchSettings: "get: No settings file exists, new profile?" (new Error("", "(unknown module)"))
1609985189020	Marionette	INFO	Listening on port 54065
1609985189132	Marionette	WARN	TLS certificate errors will be ignored for this session
Can't find symbol 'eglSwapBuffersWithDamageEXT'.
Can't find symbol 'eglSetDamageRegionKHR'.
IPDL protocol error: Handler returned error code!

###!!! [Parent][DispatchAsyncMessage] Error: PImageBridge::Msg_Update Processing error: message was deserialized, but the handler returned false (indicating failure)

1609985230122	Marionette	INFO	Stopped listening on port 54065

###!!! [Child][RunMessage] Error: Channel closing: too late to send/recv, messages will be lost

1609985457242	geckodriver	INFO	Listening on 127.0.0.1:54397
1609985460278	mozrunner::runner	INFO	Running command: "C:\\Program Files\\Mozilla Firefox\\firefox.exe" "--marionette" "-foreground" "-no-remote" "-profile" "C:\\Users\\TYRANN~1\\AppData\\Local\\Temp\\rust_mozprofileCnoiKk"
console.warn: SearchSettings: "get: No settings file exists, new profile?" (new Error("", "(unknown module)"))
1609985461636	Marionette	INFO	Listening on port 54405
1609985461801	Marionette	WARN	TLS certificate errors will be ignored for this session
Can't find symbol 'eglSwapBuffersWithDamageEXT'.
Can't find symbol 'eglSetDamageRegionKHR'.
1609985467402	Marionette	WARN	Ignoring event 'pageshow' because document has an invalid readyState of 'uninitialized'.
[Child 17828, MediaDecoderStateMachine #1] WARNING: Decoder=205456f4c00 Decode error: NS_ERROR_DOM_MEDIA_FATAL_ERR (0x806e0005) - RefPtr<MediaSourceTrackDemuxer::SamplesPromise> __cdecl mozilla::MediaSourceTrackDemuxer::DoGetSamples(int32_t): manager is detached.: file /builds/worker/checkouts/gecko/dom/media/MediaDecoderStateMachine.cpp:3471
[Child 17828, MediaDecoderStateMachine #1] WARNING: Decoder=205455cf000 Decode error: NS_ERROR_DOM_MEDIA_FATAL_ERR (0x806e0005) - RefPtr<MediaSourceTrackDemuxer::SamplesPromise> __cdecl mozilla::MediaSourceTrackDemuxer::DoGetSamples(int32_t): manager is detached.: file /builds/worker/checkouts/gecko/dom/media/MediaDecoderStateMachine.cpp:3471
[Child 17828, MediaDecoderStateMachine #1] WARNING: Decoder=2053ba11400 Decode error: NS_ERROR_DOM_MEDIA_FATAL_ERR (0x806e0005) - RefPtr<MediaSourceTrackDemuxer::SamplesPromise> __cdecl mozilla::MediaSourceTrackDemuxer::DoGetSamples(int32_t): manager is detached.: file /builds/worker/checkouts/gecko/dom/media/MediaDecoderStateMachine.cpp:3471
[Child 17828, MediaDecoderStateMachine #1] WARNING: Decoder=205456f4c00 Decode error: NS_ERROR_DOM_MEDIA_FATAL_ERR (0x806e0005) - RefPtr<MediaSourceTrackDemuxer::SamplesPromise> __cdecl mozilla::MediaSourceTrackDemuxer::DoGetSamples(int32_t): manager is detached.: file /builds/worker/checkouts/gecko/dom/media/MediaDecoderStateMachine.cpp:3471
[Child 17828, MediaDecoderStateMachine #1] WARNING: Decoder=20545656c00 Decode error: NS_ERROR_DOM_MEDIA_FATAL_ERR (0x806e0005) - RefPtr<MediaSourceTrackDemuxer::SamplesPromise> __cdecl mozilla::MediaSourceTrackDemuxer::DoGetSamples(int32_t): manager is detached.: file /builds/worker/checkouts/gecko/dom/media/MediaDecoderStateMachine.cpp:3471
[Child 17828, MediaDecoderStateMachine #1] WARNING: Decoder=2054592e800 Decode error: NS_ERROR_DOM_MEDIA_FATAL_ERR (0x806e0005) - RefPtr<MediaSourceTrackDemuxer::SamplesPromise> __cdecl mozilla::MediaSourceTrackDemuxer::DoGetSamples(int32_t): manager is detached.: file /builds/worker/checkouts/gecko/dom/media/MediaDecoderStateMachine.cpp:3471
[Child 17828, MediaDecoderStateMachine #1] WARNING: Decoder=2054592e800 Decode error: NS_ERROR_DOM_MEDIA_FATAL_ERR (0x806e0005) - RefPtr<MediaSourceTrackDemuxer::SamplesPromise> __cdecl mozilla::MediaSourceTrackDemuxer::DoGetSamples(int32_t): manager is detached.: file /builds/worker/checkouts/gecko/dom/media/MediaDecoderStateMachine.cpp:3471
[Child 17828, MediaDecoderStateMachine #1] WARNING: Decoder=2053ba07000 Decode error: NS_ERROR_DOM_MEDIA_FATAL_ERR (0x8[Child 15484, MediaDecoderStateMachine #1] WARNING: Decoder=23f4e107400 Decode error: NS_ERROR_DOM_MEDIA_FATAL_ERR (0x806e0005) - RefPtr<MediaSourceTrackDemuxer::SamplesPromise> __cdecl mozilla::MediaSourceTrackDemuxer::DoGetSa[Child 17828, MediaDecoderStateMachine #1] WARNING: Decoder=2054471d000 Decode error: NS_ERROR_DOM_MEDIA_FATAL_ERR (0x8[Child 15484, MediaDecoderStateMachine #1] WARNING: Decoder=23f4e19c800 Decode error: NS_ERROR_DOM_MEDIA_FATAL_ERR (0x806e0005) - RefPtr<MediaSourceTrackDemuxer::SamplesPromise> __cdecl mozilla::MediaSourceTrackDemuxer::DoGetSa[Child 17828, MediaDecoderStateMachine #1] WARNING: Decoder=205455c2c00 Decode error: NS_ERROR_DOM_MEDIA_FATAL_ERR (0x806e0005) - RefPtr<MediaSourceTrackDemuxer::SamplesPromise> __cdecl mozilla::MediaSourceTrackDemuxer::DoGetSamples(int32_t): manager is detached.: file /builds/worker/checkouts/gecko/dom/media/MediaDecoderStateMachine.cpp:3471
[Child 17828, MediaDecoderStateMachine #1] WARNING: Decoder=2054587c800 Decode error: NS_ERROR_DOM_MEDIA_FATAL_ERR (0x806e0005) - RefPtr<MediaSourceTrackDemuxer::SamplesPromise> __cdecl mozilla::MediaSourceTrackDemuxer::DoGetSamples(int32_t): manager is detached.: file /builds/worker/checkouts/gecko/dom/media/MediaDecoderStateMachine.cpp:3471
[Child 17828, MediaDecoderStateMachine #1] WARNING: Decoder=20545880800 Decode error: NS_ERROR_DOM_MEDIA_FATAL_ERR (0x806e0005) - RefPtr<MediaSourceTrackDemuxer::SamplesPromise> __cdecl mozilla::MediaSourceTrackDemuxer::DoGetSamples(int32_t): manager is detached.: file /builds/worker/checkouts/gecko/dom/media/MediaDecoderStateMachine.cpp:3471
[Child 17828, MediaDecoderStateMachine #1] WARNING: Decoder=205448e1c00 Decode error: NS_ERROR_DOM_MEDIA_FATAL_ERR (0x806e0005) - RefPtr<MediaSourceTrackDemuxer::SamplesPromise> __cdecl mozilla::MediaSourceTrackDemuxer::DoGetSamples(int32_t): manager is detached.: file /builds/worker/checkouts/gecko/dom/media/MediaDecoderStateMachine.cpp:3471
[Child 17828, MediaDecoderStateMachine #1] WARNING: Decoder=2053ba11800 Decode error: NS_ERROR_DOM_MEDIA_FATAL_ERR (0x806e0005) - RefPtr<MediaSourceTrackDemuxer::SamplesPromise> __cdecl mozilla::MediaSourceTrackDemuxer::DoGetSamples(int32_t): manager is detached.: file /builds/worker/checkouts/gecko/dom/media/MediaDecoderStateMachine.cpp:3471
[Child 17828, MediaDecoderStateMachine #1] WARNING: Decoder=2053ba09400 Decode error: NS_ERROR_DOM_MEDIA_FATAL_ERR (0x806e0005) - RefPtr<MediaSourceTrackDemuxer::SamplesPromise> __cdecl mozilla::MediaSourceTrackDemuxer::DoGetSamples(int32_t): manager is detached.: file /builds/worker/checkouts/gecko/dom/media/MediaDecoderStateMachine.cpp:3471
IPDL protocol error: Handler returned error code!

###!!! [Parent][DispatchAsyncMessage] Error: PImageBridge::Msg_Update Processing error: message was deserialized, but the handler returned false (indicating failure)

1609986463332	Marionette	INFO	Stopped listening on port 54405

###!!! [Child][RunMessage] Error: Channel closing: too late to send/recv, messages will be lost

le /builds/worker/checkouts/gecko/dom/media/MediaDecoderStateMachine.cpp:3471
[Child 15484, MediaDecoderStateMachine #1] WARNING: Decoder=23f50260000 Decode error: NS_ERROR_DOM_MEDIA_FATAL_ERR (0x806e0005) - RefPtr<MediaSourceTrackDemuxer::SamplesPromise> __cdecl mozilla::MediaSourceTrackDemuxer::DoGetSamples(int32_t): manager is detached.: file /builds/worker/checkouts/gecko/dom/media/MediaDecoderStateMachine.cpp:3471
IPDL protocol error: Handler returned error code!

###!!! [Parent][DispatchAsyncMessage] Error: PImageBridge::Msg_Update Processing error: message was deserialized, but the handler returned false (indicating failure)

1609986468370	Marionette	INFO	Stopped listening on port 55092
2
1609986165897	mozrunner::runner	INFO	Running command: "C:\\Program Files\\Mozilla Firefox\\firefox.exe" "--marionette" "-foreground" "-no-remote" "-profile" "C:\\Users\\TYRANN~1\\AppData\\Local\\Temp\\rust_mozprofileIN2F3Q"
console.warn: SearchSettings: "get: No settings file exists, new profile?" (new Error("", "(unknown module)"))
1609986167258	Marionette	INFO	Listening on port 56762
1609986167417	Marionette	WARN	TLS certificate errors will be ignored for this session
Can't find symbol 'eglSwapBuffersWithDamageEXT'.
Can't find symbol 'eglSetDamageRegionKHR'.
1609986172916	Marionette	INFO	Stopped listening on port 56762

###!!! [Child][RunMessage] Error: Channel closing: too late to send/recv, messages will be lost

1609986238409	geckodriver	INFO	Listening on 127.0.0.1:57055
1609986241435	mozrunner::runner	INFO	Running command: "C:\\Program Files\\Mozilla Firefox\\firefox.exe" "--marionette" "-foreground" "-no-remote" "-profile" "C:\\Users\\TYRANN~1\\AppData\\Local\\Temp\\rust_mozprofileeh8uzD"
console.warn: SearchSettings: "get: No settings file exists, new profile?" (new Error("", "(unknown module)"))
1609986242796	Marionette	INFO	Listening on port 57064
1609986242955	Marionette	WARN	TLS certificate errors will be ignored for this session
Can't find symbol 'eglSwapBuffersWithDamageEXT'.
Can't find symbol 'eglSetDamageRegionKHR'.
1609986248584	Marionette	INFO	Stopped listening on port 57064

###!!! [Child][RunMessage] Error: Channel closing: too late to send/recv, messages will be lost

1609986485907	geckodriver	INFO	Listening on 127.0.0.1:57495
1609986488940	mozrunner::runner	INFO	Running command: "C:\\Program Files\\Mozilla Firefox\\firefox.exe" "--marionette" "-foreground" "-no-remote" "-profile" "C:\\Users\\TYRANN~1\\AppData\\Local\\Temp\\rust_mozprofileYPbCnP"
console.warn: SearchSettings: "get: No settings file exists, new profile?" (new Error("", "(unknown module)"))
1609986490334	Marionette	INFO	Listening on port 57503
1609986490468	Marionette	WARN	TLS certificate errors will be ignored for this session
Can't find symbol 'eglSwapBuffersWithDamageEXT'.
Can't find symbol 'eglSetDamageRegionKHR'.
JavaScript error: , line 0: NotFoundError: No such JSWindowActor 'MarionetteEvents'
IPDL protocol error: Handler returned error code!

###!!! [Parent][DispatchAsyncMessage] Error: PImageBridge::Msg_Update Processing error: message was deserialized, but the handler returned false (indicating failure)

1609986538061	Marionette	INFO	Stopped listening on port 57503

###!!! [Child][RunMessage] Error: Channel closing: too late to send/recv, messages will be lost

1609986598637	geckodriver	INFO	Listening on 127.0.0.1:57869
1609986601673	mozrunner::runner	INFO	Running command: "C:\\Program Files\\Mozilla Firefox\\firefox.exe" "--marionette" "-foreground" "-no-remote" "-profile" "C:\\Users\\TYRANN~1\\AppData\\Local\\Temp\\rust_mozprofilePCkpIo"
console.warn: SearchSettings: "get: No settings file exists, new profile?" (new Error("", "(unknown module)"))
1609986602972	Marionette	INFO	Listening on port 57877
1609986603193	Marionette	WARN	TLS certificate errors will be ignored for this session
Can't find symbol 'eglSwapBuffersWithDamageEXT'.
Can't find symbol 'eglSetDamageRegionKHR'.
1609986609546	Marionette	INFO	Stopped listening on port 57877

###!!! [Child][RunMessage] Error: Channel closing: too late to send/recv, messages will be lost

1609986773114	geckodriver	INFO	Listening on 127.0.0.1:58212
1609986776151	mozrunner::runner	INFO	Running command: "C:\\Program Files\\Mozilla Firefox\\firefox.exe" "--marionette" "-foreground" "-no-remote" "-profile" "C:\\Users\\TYRANN~1\\AppData\\Local\\Temp\\rust_mozprofilel42VLg"
console.warn: SearchSettings: "get: No settings file exists, new profile?" (new Error("", "(unknown module)"))
1609986777504	Marionette	INFO	Listening on port 58220
1609986777672	Marionette	WARN	TLS certificate errors will be ignored for this session
Can't find symbol 'eglSwapBuffersWithDamageEXT'.
Can't find symbol 'eglSetDamageRegionKHR'.
1609986784274	Marionette	INFO	Stopped listening on port 58220

###!!! [Child][RunMessage] Error: Channel closing: too late to send/recv, messages will be lost

1609989746140	geckodriver	INFO	Listening on 127.0.0.1:58633
1609989749171	mozrunner::runner	INFO	Running command: "C:\\Program Files\\Mozilla Firefox\\firefox.exe" "--marionette" "-foreground" "-no-remote" "-profile" "C:\\Users\\TYRANN~1\\AppData\\Local\\Temp\\rust_mozprofile29cDFQ"
console.warn: SearchSettings: "get: No settings file exists, new profile?" (new Error("", "(unknown module)"))
1609989750679	Marionette	INFO	Listening on port 58641
1609989750697	Marionette	WARN	TLS certificate errors will be ignored for this session
Can't find symbol 'eglSwapBuffersWithDamageEXT'.
Can't find symbol 'eglSetDamageRegionKHR'.
JavaScript error: resource://gre/actors/PictureInPictureChild.jsm, line 452: TypeError: this.contentWindow is null
JavaScript error: resource://gre/actors/PictureInPictureChild.jsm, line 568: TypeError: this.contentWindow is null
1609991020654	Marionette	INFO	Stopped listening on port 58641

###!!! [Child][RunMessage] Error: Channel closing: too late to send/recv, messages will be lost

1609990037922	Marionette	INFO	Listening on port 59052
1609990037953	Marionette	WARN	TLS certificate errors will be ignored for this session
Can't find symbol 'eglSwapBuffersWithDamageEXT'.
Can't find symbol 'eglSetDamageRegionKHR'.
1609990044742	Marionette	INFO	Stopped listening on port 59052

###!!! [Child][RunMessage] Error: Channel closing: too late to send/recv, messages will be lost

1609990345216	geckodriver	INFO	Listening on 127.0.0.1:59412
1609990348252	mozrunner::runner	INFO	Running command: "C:\\Program Files\\Mozilla Firefox\\firefox.exe" "--marionette" "-foreground" "-no-remote" "-profile" "C:\\Users\\TYRANN~1\\AppData\\Local\\Temp\\rust_mozprofileusWjLa"
console.warn: SearchSettings: "get: No settings file exists, new profile?" (new Error("", "(unknown module)"))
1609990350011	Marionette	INFO	Listening on port 59421
1609990350286	Marionette	WARN	TLS certificate errors will be ignored for this session
Can't find symbol 'eglSwapBuffersWithDamageEXT'.
Can't find symbol 'eglSetDamageRegionKHR'.
1609990353142	Marionette	WARN	Ignoring event 'pageshow' because document has an invalid readyState of 'uninitialized'.
1609990355583	Marionette	INFO	Stopped listening on port 59421

###!!! [Child][RunMessage] Error: Channel closing: too late to send/recv, messages will be lost

1609990377060	geckodriver	INFO	Listening on 127.0.0.1:59622
1609990380099	mozrunner::runner	INFO	Running command: "C:\\Program Files\\Mozilla Firefox\\firefox.exe" "--marionette" "-foreground" "-no-remote" "-profile" "C:\\Users\\TYRANN~1\\AppData\\Local\\Temp\\rust_mozprofile8NzIIv"
console.warn: SearchSettings: "get: No settings file exists, new profile?" (new Error("", "(unknown module)"))
1609990381619	Marionette	INFO	Listening on port 59630
1609990382137	Marionette	WARN	TLS certificate errors will be ignored for this session
Can't find symbol 'eglSwapBuffersWithDamageEXT'.
Can't find symbol 'eglSetDamageRegionKHR'.
1609990387971	Marionette	INFO	Stopped listening on port 59630

###!!! [Child][RunMessage] Error: Channel closing: too late to send/recv, messages will be lost

1610067807726	geckodriver	INFO	Listening on 127.0.0.1:54106
1610067810733	mozrunner::runner	INFO	Running command: "C:\\Program Files\\Mozilla Firefox\\firefox.exe" "--marionette" "-foreground" "-no-remote" "-profile" "C:\\Users\\TYRANN~1\\AppData\\Local\\Temp\\rust_mozprofileWFBMTL"
console.warn: SearchSettings: "get: No settings file exists, new profile?" (new Error("", "(unknown module)"))
1610067813436	Marionette	INFO	Listening on port 54115
1610067813858	Marionette	WARN	TLS certificate errors will be ignored for this session
Can't find symbol 'eglSwapBuffersWithDamageEXT'.
Can't find symbol 'eglSetDamageRegionKHR'.
1610067816475	Marionette	WARN	Ignoring event 'pageshow' because document has an invalid readyState of 'uninitialized'.
IPDL protocol error: Handler returned error code!

###!!! [Parent][DispatchAsyncMessage] Error: PImageBridge::Msg_Update Processing error: message was deserialized, but the handler returned false (indicating failure)

1610067839200	Marionette	INFO	Stopped listening on port 54115

###!!! [Child][RunMessage] Error: Channel closing: too late to send/recv, messages will be lost

1610067865022	geckodriver	INFO	Listening on 127.0.0.1:54349
1610067868054	mozrunner::runner	INFO	Running command: "C:\\Program Files\\Mozilla Firefox\\firefox.exe" "--marionette" "-foreground" "-no-remote" "-profile" "C:\\Users\\TYRANN~1\\AppData\\Local\\Temp\\rust_mozprofileXAD4OI"
console.warn: SearchSettings: "get: No settings file exists, new profile?" (new Error("", "(unknown module)"))
1610067869711	Marionette	INFO	Listening on port 54357
1610067870078	Marionette	WARN	TLS certificate errors will be ignored for this session
Can't find symbol 'eglSwapBuffersWithDamageEXT'.
Can't find symbol 'eglSetDamageRegionKHR'.
1610067874416	Marionette	INFO	Stopped listening on port 54357

###!!! [Child][RunMessage] Error: Channel closing: too late to send/recv, messages will be lost

1610067941013	geckodriver	INFO	Listening on 127.0.0.1:54573
1610067944025	mozrunner::runner	INFO	Running command: "C:\\Program Files\\Mozilla Firefox\\firefox.exe" "--marionette" "-foreground" "-no-remote" "-profile" "C:\\Users\\TYRANN~1\\AppData\\Local\\Temp\\rust_mozprofile9frbBZ"
console.warn: SearchSettings: "get: No settings file exists, new profile?" (new Error("", "(unknown module)"))
1610067945806	Marionette	INFO	Listening on port 54581
1610067946048	Marionette	WARN	TLS certificate errors will be ignored for this session
Can't find symbol 'eglSwapBuffersWithDamageEXT'.
Can't find symbol 'eglSetDamageRegionKHR'.
1610067948945	Marionette	WARN	Ignoring event 'pageshow' because document has an invalid readyState of 'uninitialized'.
1610067950771	Marionette	INFO	Stopped listening on port 54581
1610067965101	geckodriver	INFO	Listening on 127.0.0.1:54780
1610067968123	mozrunner::runner	INFO	Running command: "C:\\Program Files\\Mozilla Firefox\\firefox.exe" "--marionette" "-foreground" "-no-remote" "-profile" "C:\\Users\\TYRANN~1\\AppData\\Local\\Temp\\rust_mozprofileHsy5j5"
console.warn: SearchSettings: "get: No settings file exists, new profile?" (new Error("", "(unknown module)"))
1610067969769	Marionette	INFO	Listening on port 54788
1610067970146	Marionette	WARN	TLS certificate errors will be ignored for this session
Can't find symbol 'eglSwapBuffersWithDamageEXT'.
Can't find symbol 'eglSetDamageRegionKHR'.
1610067974334	Marionette	WARN	Ignoring event 'pageshow' because document has an invalid readyState of 'uninitialized'.
1610067975511	Marionette	INFO	Stopped listening on port 54788
[Child 21480, Chrome_ChildThread] WARNING: pipe error: 232: file /builds/worker/checkouts/gecko/ipc/chromium/src/chrome/common/ipc_channel_win.cc:545

###!!! [Child][RunMessage] Error: Channel closing: too late to send/recv, messages will be lost

1610068029098	geckodriver	INFO	Listening on 127.0.0.1:54995
1610068032130	mozrunner::runner	INFO	Running command: "C:\\Program Files\\Mozilla Firefox\\firefox.exe" "--marionette" "-foreground" "-no-remote" "-profile" "C:\\Users\\TYRANN~1\\AppData\\Local\\Temp\\rust_mozprofileImHHd1"
console.warn: SearchSettings: "get: No settings file exists, new profile?" (new Error("", "(unknown module)"))
1610068033694	Marionette	INFO	Listening on port 55003
1610068034153	Marionette	WARN	TLS certificate errors will be ignored for this session
Can't find symbol 'eglSwapBuffersWithDamageEXT'.
Can't find symbol 'eglSetDamageRegionKHR'.
1610068039262	Marionette	INFO	Stopped listening on port 55003
1610068048886	geckodriver	INFO	Listening on 127.0.0.1:55256
1610068051907	mozrunner::runner	INFO	Running command: "C:\\Program Files\\Mozilla Firefox\\firefox.exe" "--marionette" "-foreground" "-no-remote" "-profile" "C:\\Users\\TYRANN~1\\AppData\\Local\\Temp\\rust_mozprofilee749dE"
console.warn: SearchSettings: "get: No settings file exists, new profile?" (new Error("", "(unknown module)"))
1610068053502	Marionette	INFO	Listening on port 55264
1610068053930	Marionette	WARN	TLS certificate errors will be ignored for this session
Can't find symbol 'eglSwapBuffersWithDamageEXT'.
Can't find symbol 'eglSetDamageRegionKHR'.
1610068058192	Marionette	INFO	Stopped listening on port 55264

###!!! [Child][RunMessage] Error: Channel closing: too late to send/recv, messages will be lost

1610068226947	geckodriver	INFO	Listening on 127.0.0.1:55478
1610068229983	mozrunner::runner	INFO	Running command: "C:\\Program Files\\Mozilla Firefox\\firefox.exe" "--marionette" "-foreground" "-no-remote" "-profile" "C:\\Users\\TYRANN~1\\AppData\\Local\\Temp\\rust_mozprofileNdFRHx"
console.warn: SearchSettings: "get: No settings file exists, new profile?" (new Error("", "(unknown module)"))
1610068231552	Marionette	INFO	Listening on port 55486
1610068232003	Marionette	WARN	TLS certificate errors will be ignored for this session
Can't find symbol 'eglSwapBuffersWithDamageEXT'.
Can't find symbol 'eglSetDamageRegionKHR'.
1610068238090	Marionette	INFO	Stopped listening on port 55486

###!!! [Child][RunMessage] Error: Channel closing: too late to send/recv, messages will be lost

1610068286959	geckodriver	INFO	Listening on 127.0.0.1:55764
1610068289989	mozrunner::runner	INFO	Running command: "C:\\Program Files\\Mozilla Firefox\\firefox.exe" "--marionette" "-foreground" "-no-remote" "-profile" "C:\\Users\\TYRANN~1\\AppData\\Local\\Temp\\rust_mozprofileU9jyRv"
console.warn: SearchSettings: "get: No settings file exists, new profile?" (new Error("", "(unknown module)"))
1610068291593	Marionette	INFO	Listening on port 55772
1610068292014	Marionette	WARN	TLS certificate errors will be ignored for this session
Can't find symbol 'eglSwapBuffersWithDamageEXT'.
Can't find symbol 'eglSetDamageRegionKHR'.
1610068294407	Marionette	WARN	Ignoring event 'pageshow' because document has an invalid readyState of 'uninitialized'.
1610068296081	Marionette	INFO	Stopped listening on port 55772
1610068323199	geckodriver	INFO	Listening on 127.0.0.1:55966
1610068326236	mozrunner::runner	INFO	Running command: "C:\\Program Files\\Mozilla Firefox\\firefox.exe" "--marionette" "-foreground" "-no-remote" "-profile" "C:\\Users\\TYRANN~1\\AppData\\Local\\Temp\\rust_mozprofileNazmpz"
console.warn: SearchSettings: "get: No settings file exists, new profile?" (new Error("", "(unknown module)"))
1610068327819	Marionette	INFO	Listening on port 55974
1610068328259	Marionette	WARN	TLS certificate errors will be ignored for this session
Can't find symbol 'eglSwapBuffersWithDamageEXT'.
Can't find symbol 'eglSetDamageRegionKHR'.
1610068330602	Marionette	WARN	Ignoring event 'pageshow' because document has an invalid readyState of 'uninitialized'.
1610068332488	Marionette	INFO	Stopped listening on port 55974

###!!! [Child][RunMessage] Error: Channel closing: too late to send/recv, messages will be lost

1610068343429	geckodriver	INFO	Listening on 127.0.0.1:56170
1610068346453	mozrunner::runner	INFO	Running command: "C:\\Program Files\\Mozilla Firefox\\firefox.exe" "--marionette" "-foreground" "-no-remote" "-profile" "C:\\Users\\TYRANN~1\\AppData\\Local\\Temp\\rust_mozprofilebAWMJd"
console.warn: SearchSettings: "get: No settings file exists, new profile?" (new Error("", "(unknown module)"))
1610068347899	Marionette	INFO	Listening on port 56178
1610068347976	Marionette	WARN	TLS certificate errors will be ignored for this session
Can't find symbol 'eglSwapBuffersWithDamageEXT'.
Can't find symbol 'eglSetDamageRegionKHR'.
1610068353762	Marionette	INFO	Stopped listening on port 56178

###!!! [Child][RunMessage] Error: Channel closing: too late to send/recv, messages will be lost

1610068363712	geckodriver	INFO	Listening on 127.0.0.1:56430
1610068366742	mozrunner::runner	INFO	Running command: "C:\\Program Files\\Mozilla Firefox\\firefox.exe" "--marionette" "-foreground" "-no-remote" "-profile" "C:\\Users\\TYRANN~1\\AppData\\Local\\Temp\\rust_mozprofilegwasle"
console.warn: SearchSettings: "get: No settings file exists, new profile?" (new Error("", "(unknown module)"))
1610068368201	Marionette	INFO	Listening on port 56438
1610068368260	Marionette	WARN	TLS certificate errors will be ignored for this session
Can't find symbol 'eglSwapBuffersWithDamageEXT'.
Can't find symbol 'eglSetDamageRegionKHR'.
1610068373377	Marionette	INFO	Stopped listening on port 56438

###!!! [Child][RunMessage] Error: Channel closing: too late to send/recv, messages will be lost

1610068488941	geckodriver	INFO	Listening on 127.0.0.1:56700
1610068491967	mozrunner::runner	INFO	Running command: "C:\\Program Files\\Mozilla Firefox\\firefox.exe" "--marionette" "-foreground" "-no-remote" "-profile" "C:\\Users\\TYRANN~1\\AppData\\Local\\Temp\\rust_mozprofilezGyOPU"
console.warn: SearchSettings: "get: No settings file exists, new profile?" (new Error("", "(unknown module)"))
1610068493509	Marionette	INFO	Listening on port 56708
1610068493989	Marionette	WARN	TLS certificate errors will be ignored for this session
Can't find symbol 'eglSwapBuffersWithDamageEXT'.
Can't find symbol 'eglSetDamageRegionKHR'.
1610068496443	Marionette	WARN	Ignoring event 'pageshow' because document has an invalid readyState of 'uninitialized'.
1610068498059	Marionette	INFO	Stopped listening on port 56708

###!!! [Child][RunMessage] Error: Channel closing: too late to send/recv, messages will be lost

1610068552411	geckodriver	INFO	Listening on 127.0.0.1:56908
1610068555434	mozrunner::runner	INFO	Running command: "C:\\Program Files\\Mozilla Firefox\\firefox.exe" "--marionette" "-foreground" "-no-remote" "-profile" "C:\\Users\\TYRANN~1\\AppData\\Local\\Temp\\rust_mozprofilezMCnio"
console.warn: SearchSettings: "get: No settings file exists, new profile?" (new Error("", "(unknown module)"))
1610068556885	Marionette	INFO	Listening on port 56916
1610068556957	Marionette	WARN	TLS certificate errors will be ignored for this session
Can't find symbol 'eglSwapBuffersWithDamageEXT'.
Can't find symbol 'eglSetDamageRegionKHR'.
1610068561793	Marionette	INFO	Stopped listening on port 56916

###!!! [Child][RunMessage] Error: Channel closing: too late to send/recv, messages will be lost

1610068573319	geckodriver	INFO	Listening on 127.0.0.1:57138
1610068576362	mozrunner::runner	INFO	Running command: "C:\\Program Files\\Mozilla Firefox\\firefox.exe" "--marionette" "-foreground" "-no-remote" "-profile" "C:\\Users\\TYRANN~1\\AppData\\Local\\Temp\\rust_mozprofileo7gdeO"
console.warn: SearchSettings: "get: No settings file exists, new profile?" (new Error("", "(unknown module)"))
1610068577814	Marionette	INFO	Listening on port 57146
1610068577884	Marionette	WARN	TLS certificate errors will be ignored for this session
Can't find symbol 'eglSwapBuffersWithDamageEXT'.
Can't find symbol 'eglSetDamageRegionKHR'.
1610068583436	Marionette	INFO	Stopped listening on port 57146

###!!! [Child][RunMessage] Error: Channel closing: too late to send/recv, messages will be lost

1610068602442	geckodriver	INFO	Listening on 127.0.0.1:57418
1610068605466	mozrunner::runner	INFO	Running command: "C:\\Program Files\\Mozilla Firefox\\firefox.exe" "--marionette" "-foreground" "-no-remote" "-profile" "C:\\Users\\TYRANN~1\\AppData\\Local\\Temp\\rust_mozprofiledZ76PL"
console.warn: SearchSettings: "get: No settings file exists, new profile?" (new Error("", "(unknown module)"))
1610068607004	Marionette	INFO	Listening on port 57426
1610068607490	Marionette	WARN	TLS certificate errors will be ignored for this session
Can't find symbol 'eglSwapBuffersWithDamageEXT'.
Can't find symbol 'eglSetDamageRegionKHR'.
1610068611891	Marionette	INFO	Stopped listening on port 57426

###!!! [Child][RunMessage] Error: Channel closing: too late to send/recv, messages will be lost

1610076737048	geckodriver	INFO	Listening on 127.0.0.1:59104
1610076740078	mozrunner::runner	INFO	Running command: "C:\\Program Files\\Mozilla Firefox\\firefox.exe" "--marionette" "-foreground" "-no-remote" "-profile" "C:\\Users\\TYRANN~1\\AppData\\Local\\Temp\\rust_mozprofileM2zRwJ"
console.warn: SearchSettings: "get: No settings file exists, new profile?" (new Error("", "(unknown module)"))
1610076741591	Marionette	INFO	Listening on port 59112
1610076742099	Marionette	WARN	TLS certificate errors will be ignored for this session
Can't find symbol 'eglSwapBuffersWithDamageEXT'.
Can't find symbol 'eglSetDamageRegionKHR'.
1610076746143	Marionette	INFO	Stopped listening on port 59112

###!!! [Child][RunMessage] Error: Channel closing: too late to send/recv, messages will be lost

1610076763984	geckodriver	INFO	Listening on 127.0.0.1:59321
1610076767034	mozrunner::runner	INFO	Running command: "C:\\Program Files\\Mozilla Firefox\\firefox.exe" "--marionette" "-foreground" "-no-remote" "-profile" "C:\\Users\\TYRANN~1\\AppData\\Local\\Temp\\rust_mozprofilemkfkcL"
console.warn: SearchSettings: "get: No settings file exists, new profile?" (new Error("", "(unknown module)"))
1610076768555	Marionette	INFO	Listening on port 59329
1610076769061	Marionette	WARN	TLS certificate errors will be ignored for this session
Can't find symbol 'eglSwapBuffersWithDamageEXT'.
Can't find symbol 'eglSetDamageRegionKHR'.
1610076771356	Marionette	WARN	Ignoring event 'pageshow' because document has an invalid readyState of 'uninitialized'.
1610076774016	Marionette	INFO	Stopped listening on port 59329

###!!! [Child][RunMessage] Error: Channel closing: too late to send/recv, messages will be lost

1610076789876	geckodriver	INFO	Listening on 127.0.0.1:59540
1610076792912	mozrunner::runner	INFO	Running command: "C:\\Program Files\\Mozilla Firefox\\firefox.exe" "--marionette" "-foreground" "-no-remote" "-profile" "C:\\Users\\TYRANN~1\\AppData\\Local\\Temp\\rust_mozprofilekNuwNg"
console.warn: SearchSettings: "get: No settings file exists, new profile?" (new Error("", "(unknown module)"))
1610076794344	Marionette	INFO	Listening on port 59548
1610076794431	Marionette	WARN	TLS certificate errors will be ignored for this session
Can't find symbol 'eglSwapBuffersWithDamageEXT'.
Can't find symbol 'eglSetDamageRegionKHR'.
1610076801283	Marionette	INFO	Stopped listening on port 59548
1610076819559	geckodriver	INFO	Listening on 127.0.0.1:59759
1610076822593	mozrunner::runner	INFO	Running command: "C:\\Program Files\\Mozilla Firefox\\firefox.exe" "--marionette" "-foreground" "-no-remote" "-profile" "C:\\Users\\TYRANN~1\\AppData\\Local\\Temp\\rust_mozprofile7he5EI"
console.warn: SearchSettings: "get: No settings file exists, new profile?" (new Error("", "(unknown module)"))
1610076824071	Marionette	INFO	Listening on port 59767
1610076824116	Marionette	WARN	TLS certificate errors will be ignored for this session
Can't find symbol 'eglSwapBuffersWithDamageEXT'.
Can't find symbol 'eglSetDamageRegionKHR'.
1610076829433	Marionette	INFO	Stopped listening on port 59767

###!!! [Child][RunMessage] Error: Channel closing: too late to send/recv, messages will be lost

1610076841278	geckodriver	INFO	Listening on 127.0.0.1:60031
1610076844307	mozrunner::runner	INFO	Running command: "C:\\Program Files\\Mozilla Firefox\\firefox.exe" "--marionette" "-foreground" "-no-remote" "-profile" "C:\\Users\\TYRANN~1\\AppData\\Local\\Temp\\rust_mozprofileuBaIYt"
console.warn: SearchSettings: "get: No settings file exists, new profile?" (new Error("", "(unknown module)"))
1610076845692	Marionette	INFO	Listening on port 60040
1610076845827	Marionette	WARN	TLS certificate errors will be ignored for this session
Can't find symbol 'eglSwapBuffersWithDamageEXT'.
Can't find symbol 'eglSetDamageRegionKHR'.
1610076851186	Marionette	INFO	Stopped listening on port 60040
[Parent 6248, Gecko_IOThread] WARNING: pipe error: 232: file /builds/worker/checkouts/gecko/ipc/chromium/src/chrome/common/ipc_channel_win.cc:545

###!!! [Child][MessageChannel] Error: (msgtype=0x3A0144,name=PContent::Msg_ScriptError) Channel closing: too late to send/recv, messages will be lost


###!!! [Child][RunMessage] Error: Channel closing: too late to send/recv, messages will be lost

1610076865197	geckodriver	INFO	Listening on 127.0.0.1:60299
1610076868224	mozrunner::runner	INFO	Running command: "C:\\Program Files\\Mozilla Firefox\\firefox.exe" "--marionette" "-foreground" "-no-remote" "-profile" "C:\\Users\\TYRANN~1\\AppData\\Local\\Temp\\rust_mozprofileHBEseT"
console.warn: SearchSettings: "get: No settings file exists, new profile?" (new Error("", "(unknown module)"))
1610076869533	Marionette	INFO	Listening on port 60307
1610076869745	Marionette	WARN	TLS certificate errors will be ignored for this session
Can't find symbol 'eglSwapBuffersWithDamageEXT'.
Can't find symbol 'eglSetDamageRegionKHR'.
1610076875740	Marionette	INFO	Stopped listening on port 60307

###!!! [Child][RunMessage] Error: Channel closing: too late to send/recv, messages will be lost

1610076898814	geckodriver	INFO	Listening on 127.0.0.1:60586
1610076901838	mozrunner::runner	INFO	Running command: "C:\\Program Files\\Mozilla Firefox\\firefox.exe" "--marionette" "-foreground" "-no-remote" "-profile" "C:\\Users\\TYRANN~1\\AppData\\Local\\Temp\\rust_mozprofilemUEapF"
console.warn: SearchSettings: "get: No settings file exists, new profile?" (new Error("", "(unknown module)"))
1610076903138	Marionette	INFO	Listening on port 60595
1610076903357	Marionette	WARN	TLS certificate errors will be ignored for this session
Can't find symbol 'eglSwapBuffersWithDamageEXT'.
Can't find symbol 'eglSetDamageRegionKHR'.
1610076909094	Marionette	INFO	Stopped listening on port 60595
1610076918613	geckodriver	INFO	Listening on 127.0.0.1:60878
1610076921632	mozrunner::runner	INFO	Running command: "C:\\Program Files\\Mozilla Firefox\\firefox.exe" "--marionette" "-foreground" "-no-remote" "-profile" "C:\\Users\\TYRANN~1\\AppData\\Local\\Temp\\rust_mozprofileWspo5x"
console.warn: SearchSettings: "get: No settings file exists, new profile?" (new Error("", "(unknown module)"))
1610076922935	Marionette	INFO	Listening on port 60887
1610076923154	Marionette	WARN	TLS certificate errors will be ignored for this session
Can't find symbol 'eglSwapBuffersWithDamageEXT'.
Can't find symbol 'eglSetDamageRegionKHR'.
1610076928893	Marionette	INFO	Stopped listening on port 60887
1610076944599	geckodriver	INFO	Listening on 127.0.0.1:61159
1610076947637	mozrunner::runner	INFO	Running command: "C:\\Program Files\\Mozilla Firefox\\firefox.exe" "--marionette" "-foreground" "-no-remote" "-profile" "C:\\Users\\TYRANN~1\\AppData\\Local\\Temp\\rust_mozprofileVOebQ2"
console.warn: SearchSettings: "get: No settings file exists, new profile?" (new Error("", "(unknown module)"))
1610076948932	Marionette	INFO	Listening on port 61167
1610076949160	Marionette	WARN	TLS certificate errors will be ignored for this session
Can't find symbol 'eglSwapBuffersWithDamageEXT'.
Can't find symbol 'eglSetDamageRegionKHR'.
1610076954860	Marionette	INFO	Stopped listening on port 61167

###!!! [Child][RunMessage] Error: Channel closing: too late to send/recv, messages will be lost

1610076963096	geckodriver	INFO	Listening on 127.0.0.1:61455
1610076966123	mozrunner::runner	INFO	Running command: "C:\\Program Files\\Mozilla Firefox\\firefox.exe" "--marionette" "-foreground" "-no-remote" "-profile" "C:\\Users\\TYRANN~1\\AppData\\Local\\Temp\\rust_mozprofileeS5PYn"
console.warn: SearchSettings: "get: No settings file exists, new profile?" (new Error("", "(unknown module)"))
1610076967487	Marionette	INFO	Listening on port 61463
1610076967651	Marionette	WARN	TLS certificate errors will be ignored for this session
Can't find symbol 'eglSwapBuffersWithDamageEXT'.
Can't find symbol 'eglSetDamageRegionKHR'.
1610076973133	Marionette	INFO	Stopped listening on port 61463
[Child 20300, Chrome_ChildThread] WARNING: pipe error: 232: file /builds/worker/checkouts/gecko/ipc/chromium/src/chrome/common/ipc_channel_win.cc:545

###!!! [Child][RunMessage] Error: Channel closing: too late to send/recv, messages will be lost

1610077042987	geckodriver	INFO	Listening on 127.0.0.1:61720
1610077046006	mozrunner::runner	INFO	Running command: "C:\\Program Files\\Mozilla Firefox\\firefox.exe" "--marionette" "-foreground" "-no-remote" "-profile" "C:\\Users\\TYRANN~1\\AppData\\Local\\Temp\\rust_mozprofileqvD0f2"
console.warn: SearchSettings: "get: No settings file exists, new profile?" (new Error("", "(unknown module)"))
1610077047294	Marionette	INFO	Listening on port 61728
1610077047529	Marionette	WARN	TLS certificate errors will be ignored for this session
Can't find symbol 'eglSwapBuffersWithDamageEXT'.
Can't find symbol 'eglSetDamageRegionKHR'.
1610077053490	Marionette	INFO	Stopped listening on port 61728

###!!! [Child][RunMessage] Error: Channel closing: too late to send/recv, messages will be lost

1610077084497	geckodriver	INFO	Listening on 127.0.0.1:61982
1610077087531	mozrunner::runner	INFO	Running command: "C:\\Program Files\\Mozilla Firefox\\firefox.exe" "--marionette" "-foreground" "-no-remote" "-profile" "C:\\Users\\TYRANN~1\\AppData\\Local\\Temp\\rust_mozprofileRVrRYB"
console.warn: SearchSettings: "get: No settings file exists, new profile?" (new Error("", "(unknown module)"))
1610077088902	Marionette	INFO	Listening on port 61990
1610077089051	Marionette	WARN	TLS certificate errors will be ignored for this session
Can't find symbol 'eglSwapBuffersWithDamageEXT'.
Can't find symbol 'eglSetDamageRegionKHR'.
1610077094442	Marionette	INFO	Stopped listening on port 61990

###!!! [Child][RunMessage] Error: Channel closing: too late to send/recv, messages will be lost

1610077111128	geckodriver	INFO	Listening on 127.0.0.1:62245
1610077114169	mozrunner::runner	INFO	Running command: "C:\\Program Files\\Mozilla Firefox\\firefox.exe" "--marionette" "-foreground" "-no-remote" "-profile" "C:\\Users\\TYRANN~1\\AppData\\Local\\Temp\\rust_mozprofileSOrOe5"
console.warn: SearchSettings: "get: No settings file exists, new profile?" (new Error("", "(unknown module)"))
1610077115503	Marionette	INFO	Listening on port 62253
1610077115695	Marionette	WARN	TLS certificate errors will be ignored for this session
Can't find symbol 'eglSwapBuffersWithDamageEXT'.
Can't find symbol 'eglSetDamageRegionKHR'.
1610077122201	Marionette	INFO	Stopped listening on port 62253

###!!! [Child][RunMessage] Error: Channel closing: too late to send/recv, messages will be lost


###!!! [Child][RunMessage] Error: Channel closing: too late to send/recv, messages will be lost

1610077136517	geckodriver	INFO	Listening on 127.0.0.1:62559
1610077139549	mozrunner::runner	INFO	Running command: "C:\\Program Files\\Mozilla Firefox\\firefox.exe" "--marionette" "-foreground" "-no-remote" "-profile" "C:\\Users\\TYRANN~1\\AppData\\Local\\Temp\\rust_mozprofileHRn8s6"
console.warn: SearchSettings: "get: No settings file exists, new profile?" (new Error("", "(unknown module)"))
1610077140841	Marionette	INFO	Listening on port 62567
1610077141077	Marionette	WARN	TLS certificate errors will be ignored for this session
Can't find symbol 'eglSwapBuffersWithDamageEXT'.
Can't find symbol 'eglSetDamageRegionKHR'.
1610077146738	Marionette	INFO	Stopped listening on port 62567

###!!! [Child][RunMessage] Error: Channel closing: too late to send/recv, messages will be lost


###!!! [Child][RunMessage] Error: Channel closing: too late to send/recv, messages will be lost

1610077159876	geckodriver	INFO	Listening on 127.0.0.1:62841
1610077162917	mozrunner::runner	INFO	Running command: "C:\\Program Files\\Mozilla Firefox\\firefox.exe" "--marionette" "-foreground" "-no-remote" "-profile" "C:\\Users\\TYRANN~1\\AppData\\Local\\Temp\\rust_mozprofileYx5aN4"
console.warn: SearchSettings: "get: No settings file exists, new profile?" (new Error("", "(unknown module)"))
1610077164195	Marionette	INFO	Listening on port 62849
1610077164437	Marionette	WARN	TLS certificate errors will be ignored for this session
Can't find symbol 'eglSwapBuffersWithDamageEXT'.
Can't find symbol 'eglSetDamageRegionKHR'.
1610077169814	Marionette	INFO	Stopped listening on port 62849

###!!! [Child][RunMessage] Error: Channel closing: too late to send/recv, messages will be lost

1610077189189	geckodriver	INFO	Listening on 127.0.0.1:63124
1610077192230	mozrunner::runner	INFO	Running command: "C:\\Program Files\\Mozilla Firefox\\firefox.exe" "--marionette" "-foreground" "-no-remote" "-profile" "C:\\Users\\TYRANN~1\\AppData\\Local\\Temp\\rust_mozprofilenvlDvV"
console.warn: SearchSettings: "get: No settings file exists, new profile?" (new Error("", "(unknown module)"))
1610077193516	Marionette	INFO	Listening on port 63132
1610077193761	Marionette	WARN	TLS certificate errors will be ignored for this session
Can't find symbol 'eglSwapBuffersWithDamageEXT'.
Can't find symbol 'eglSetDamageRegionKHR'.
1610077198761	Marionette	INFO	Stopped listening on port 63132

###!!! [Child][RunMessage] Error: Channel closing: too late to send/recv, messages will be lost

1610077224225	geckodriver	INFO	Listening on 127.0.0.1:63376
1610077227260	mozrunner::runner	INFO	Running command: "C:\\Program Files\\Mozilla Firefox\\firefox.exe" "--marionette" "-foreground" "-no-remote" "-profile" "C:\\Users\\TYRANN~1\\AppData\\Local\\Temp\\rust_mozprofile0IhpuJ"
console.warn: SearchSettings: "get: No settings file exists, new profile?" (new Error("", "(unknown module)"))
1610077228552	Marionette	INFO	Listening on port 63384
1610077228781	Marionette	WARN	TLS certificate errors will be ignored for this session
Can't find symbol 'eglSwapBuffersWithDamageEXT'.
Can't find symbol 'eglSetDamageRegionKHR'.
1610077234271	Marionette	INFO	Stopped listening on port 63384

###!!! [Child][RunMessage] Error: Channel closing: too late to send/recv, messages will be lost

1610077245895	geckodriver	INFO	Listening on 127.0.0.1:63641
1610077248930	mozrunner::runner	INFO	Running command: "C:\\Program Files\\Mozilla Firefox\\firefox.exe" "--marionette" "-foreground" "-no-remote" "-profile" "C:\\Users\\TYRANN~1\\AppData\\Local\\Temp\\rust_mozprofilee94jDC"
console.warn: SearchSettings: "get: No settings file exists, new profile?" (new Error("", "(unknown module)"))
1610077250248	Marionette	INFO	Listening on port 63649
1610077250450	Marionette	WARN	TLS certificate errors will be ignored for this session
Can't find symbol 'eglSwapBuffersWithDamageEXT'.
Can't find symbol 'eglSetDamageRegionKHR'.
1610077255849	Marionette	INFO	Stopped listening on port 63649

###!!! [Child][RunMessage] Error: Channel closing: too late to send/recv, messages will be lost

1610077278561	geckodriver	INFO	Listening on 127.0.0.1:63915
1610077281602	mozrunner::runner	INFO	Running command: "C:\\Program Files\\Mozilla Firefox\\firefox.exe" "--marionette" "-foreground" "-no-remote" "-profile" "C:\\Users\\TYRANN~1\\AppData\\Local\\Temp\\rust_mozprofilebh2fUo"
console.warn: SearchSettings: "get: No settings file exists, new profile?" (new Error("", "(unknown module)"))
1610077282951	Marionette	INFO	Listening on port 63923
1610077283138	Marionette	WARN	TLS certificate errors will be ignored for this session
Can't find symbol 'eglSwapBuffersWithDamageEXT'.
Can't find symbol 'eglSetDamageRegionKHR'.
1610077291032	Marionette	INFO	Stopped listening on port 63923

###!!! [Child][RunMessage] Error: Channel closing: too late to send/recv, messages will be lost

1610077327134	geckodriver	INFO	Listening on 127.0.0.1:64132
1610077330165	mozrunner::runner	INFO	Running command: "C:\\Program Files\\Mozilla Firefox\\firefox.exe" "--marionette" "-foreground" "-no-remote" "-profile" "C:\\Users\\TYRANN~1\\AppData\\Local\\Temp\\rust_mozprofileLB168V"
console.warn: SearchSettings: "get: No settings file exists, new profile?" (new Error("", "(unknown module)"))
1610077331489	Marionette	INFO	Listening on port 64140
1610077331686	Marionette	WARN	TLS certificate errors will be ignored for this session
Can't find symbol 'eglSwapBuffersWithDamageEXT'.
Can't find symbol 'eglSetDamageRegionKHR'.
1610077337447	Marionette	INFO	Stopped listening on port 64140
1610077378335	geckodriver	INFO	Listening on 127.0.0.1:64419
1610077381378	mozrunner::runner	INFO	Running command: "C:\\Program Files\\Mozilla Firefox\\firefox.exe" "--marionette" "-foreground" "-no-remote" "-profile" "C:\\Users\\TYRANN~1\\AppData\\Local\\Temp\\rust_mozprofileIBE21t"
console.warn: SearchSettings: "get: No settings file exists, new profile?" (new Error("", "(unknown module)"))
1610077382658	Marionette	INFO	Listening on port 64427
1610077382897	Marionette	WARN	TLS certificate errors will be ignored for this session
Can't find symbol 'eglSwapBuffersWithDamageEXT'.
Can't find symbol 'eglSetDamageRegionKHR'.
1610077388376	Marionette	INFO	Stopped listening on port 64427
1610077753337	geckodriver	INFO	Listening on 127.0.0.1:65013
1610077756386	mozrunner::runner	INFO	Running command: "C:\\Program Files\\Mozilla Firefox\\firefox.exe" "--marionette" "-foreground" "-no-remote" "-profile" "C:\\Users\\TYRANN~1\\AppData\\Local\\Temp\\rust_mozprofilegPjLHM"
console.warn: SearchSettings: "get: No settings file exists, new profile?" (new Error("", "(unknown module)"))
1610077757943	Marionette	INFO	Listening on port 65021
1610077758409	Marionette	WARN	TLS certificate errors will be ignored for this session
Can't find symbol 'eglSwapBuffersWithDamageEXT'.
Can't find symbol 'eglSetDamageRegionKHR'.
1610077760852	Marionette	WARN	Ignoring event 'pageshow' because document has an invalid readyState of 'uninitialized'.
1610077762344	Marionette	INFO	Stopped listening on port 65021

###!!! [Child][RunMessage] Error: Channel closing: too late to send/recv, messages will be lost

1610078025446	geckodriver	INFO	Listening on 127.0.0.1:65237
1610078028478	mozrunner::runner	INFO	Running command: "C:\\Program Files\\Mozilla Firefox\\firefox.exe" "--marionette" "-foreground" "-no-remote" "-profile" "C:\\Users\\TYRANN~1\\AppData\\Local\\Temp\\rust_mozprofilekoY2iw"
console.warn: SearchSettings: "get: No settings file exists, new profile?" (new Error("", "(unknown module)"))
1610078029892	Marionette	INFO	Listening on port 65245
1610078029999	Marionette	WARN	TLS certificate errors will be ignored for this session
Can't find symbol 'eglSwapBuffersWithDamageEXT'.
Can't find symbol 'eglSetDamageRegionKHR'.
1610078037722	Marionette	INFO	Stopped listening on port 65245
1610078072700	geckodriver	INFO	Listening on 127.0.0.1:65448
1610078075731	mozrunner::runner	INFO	Running command: "C:\\Program Files\\Mozilla Firefox\\firefox.exe" "--marionette" "-foreground" "-no-remote" "-profile" "C:\\Users\\TYRANN~1\\AppData\\Local\\Temp\\rust_mozprofileR4GVsz"
console.warn: SearchSettings: "get: No settings file exists, new profile?" (new Error("", "(unknown module)"))
1610078077074	Marionette	INFO	Listening on port 65456
1610078077255	Marionette	WARN	TLS certificate errors will be ignored for this session
Can't find symbol 'eglSwapBuffersWithDamageEXT'.
Can't find symbol 'eglSetDamageRegionKHR'.
1610078084082	Marionette	INFO	Stopped listening on port 65456
JavaScript error: , line 0: uncaught exception: undefined

###!!! [Child][RunMessage] Error: Channel closing: too late to send/recv, messages will be lost

1610078175334	geckodriver	INFO	Listening on 127.0.0.1:49386
1610078178366	mozrunner::runner	INFO	Running command: "C:\\Program Files\\Mozilla Firefox\\firefox.exe" "--marionette" "-foreground" "-no-remote" "-profile" "C:\\Users\\TYRANN~1\\AppData\\Local\\Temp\\rust_mozprofileYSgo6S"
console.warn: SearchSettings: "get: No settings file exists, new profile?" (new Error("", "(unknown module)"))
1610078179787	Marionette	INFO	Listening on port 49394
1610078179886	Marionette	WARN	TLS certificate errors will be ignored for this session
Can't find symbol 'eglSwapBuffersWithDamageEXT'.
Can't find symbol 'eglSetDamageRegionKHR'.
JavaScript error: https://s0.2mdn.net/9080429/1589458551262/index.html, line 372: TypeError: studio.Enabler is undefined
1610078185803	Marionette	INFO	Stopped listening on port 49394

###!!! [Child][RunMessage] Error: Channel closing: too late to send/recv, messages will be lost


###!!! [Child][RunMessage] Error: Channel closing: too late to send/recv, messages will be lost

1610078239376	geckodriver	INFO	Listening on 127.0.0.1:49684
1610078242406	mozrunner::runner	INFO	Running command: "C:\\Program Files\\Mozilla Firefox\\firefox.exe" "--marionette" "-foreground" "-no-remote" "-profile" "C:\\Users\\TYRANN~1\\AppData\\Local\\Temp\\rust_mozprofileu04oye"
console.warn: SearchSettings: "get: No settings file exists, new profile?" (new Error("", "(unknown module)"))
1610078243886	Marionette	INFO	Listening on port 49692
1610078243931	Marionette	WARN	TLS certificate errors will be ignored for this session
Can't find symbol 'eglSwapBuffersWithDamageEXT'.
Can't find symbol 'eglSetDamageRegionKHR'.
1610078249520	Marionette	INFO	Stopped listening on port 49692

###!!! [Child][RunMessage] Error: Channel closing: too late to send/recv, messages will be lost

1610078259021	geckodriver	INFO	Listening on 127.0.0.1:49995
1610078262056	mozrunner::runner	INFO	Running command: "C:\\Program Files\\Mozilla Firefox\\firefox.exe" "--marionette" "-foreground" "-no-remote" "-profile" "C:\\Users\\TYRANN~1\\AppData\\Local\\Temp\\rust_mozprofileqOqtjS"
console.warn: SearchSettings: "get: No settings file exists, new profile?" (new Error("", "(unknown module)"))
1610078263477	Marionette	INFO	Listening on port 50003
1610078263576	Marionette	WARN	TLS certificate errors will be ignored for this session
Can't find symbol 'eglSwapBuffersWithDamageEXT'.
Can't find symbol 'eglSetDamageRegionKHR'.

###!!! [Child][RunMessage] Error: Channel closing: too late to send/recv, messages will be lost


###!!! [Child][RunMessage] Error: Channel closing: too late to send/recv, messages will be lost

1610078274335	Marionette	INFO	Stopped listening on port 50003
1610078901853	geckodriver	INFO	Listening on 127.0.0.1:50370
1610078904890	mozrunner::runner	INFO	Running command: "C:\\Program Files\\Mozilla Firefox\\firefox.exe" "--marionette" "-foreground" "-no-remote" "-profile" "C:\\Users\\TYRANN~1\\AppData\\Local\\Temp\\rust_mozprofileCNMe6b"
console.warn: SearchSettings: "get: No settings file exists, new profile?" (new Error("", "(unknown module)"))
1610078906249	Marionette	INFO	Listening on port 50378
1610078906411	Marionette	WARN	TLS certificate errors will be ignored for this session
Can't find symbol 'eglSwapBuffersWithDamageEXT'.
Can't find symbol 'eglSetDamageRegionKHR'.
1610078911714	Marionette	INFO	Stopped listening on port 50378

###!!! [Child][RunMessage] Error: Channel closing: too late to send/recv, messages will be lost

1610079115044	geckodriver	INFO	Listening on 127.0.0.1:50657
1610079118078	mozrunner::runner	INFO	Running command: "C:\\Program Files\\Mozilla Firefox\\firefox.exe" "--marionette" "-foreground" "-no-remote" "-profile" "C:\\Users\\TYRANN~1\\AppData\\Local\\Temp\\rust_mozprofileUP2HuW"
console.warn: SearchSettings: "get: No settings file exists, new profile?" (new Error("", "(unknown module)"))
1610079119464	Marionette	INFO	Listening on port 50665
1610079119603	Marionette	WARN	TLS certificate errors will be ignored for this session
Can't find symbol 'eglSwapBuffersWithDamageEXT'.
Can't find symbol 'eglSetDamageRegionKHR'.
1610079129328	Marionette	INFO	Stopped listening on port 50665

###!!! [Child][RunMessage] Error: Channel closing: too late to send/recv, messages will be lost

1610079391579	geckodriver	INFO	Listening on 127.0.0.1:51022
1610079394642	mozrunner::runner	INFO	Running command: "C:\\Program Files\\Mozilla Firefox\\firefox.exe" "--marionette" "-foreground" "-no-remote" "-profile" "C:\\Users\\TYRANN~1\\AppData\\Local\\Temp\\rust_mozprofilePxfm0f"
console.warn: SearchSettings: "get: No settings file exists, new profile?" (new Error("", "(unknown module)"))
1610079396005	Marionette	INFO	Listening on port 51030
1610079396161	Marionette	WARN	TLS certificate errors will be ignored for this session
Can't find symbol 'eglSwapBuffersWithDamageEXT'.
Can't find symbol 'eglSetDamageRegionKHR'.
[Child 7592, MediaDecoderStateMachine #1] WARNING: Decoder=265ad208000 Decode error: NS_ERROR_DOM_MEDIA_FATAL_ERR (0x806e0005) - RefPtr<MediaSourceTrackDemuxer::SamplesPromise> __cdecl mozilla::MediaSourceTrackDemuxer::DoGetSamples(int32_t): manager is detached.: file /builds/worker/checkouts/gecko/dom/media/MediaDecoderStateMachine.cpp:3471
[Child 7592, MediaDecoderStateMachine #1] WARNING: Decoder=265ac00a800 Decode error: NS_ERROR_DOM_MEDIA_FATAL_ERR (0x806e0005) - RefPtr<MediaSourceTrackDemuxer::SamplesPromise> __cdecl mozilla::MediaSourceTrackDemuxer::DoGetSamples(int32_t): manager is detached.: file /builds/worker/checkouts/gecko/dom/media/MediaDecoderStateMachine.cpp:3471
[Child 7592, MediaDecoderStateMachine #1] WARNING: Decoder=265a3f5ec00 Decode error: NS_ERROR_DOM_MEDIA_FATAL_ERR (0x806e0005) - RefPtr<MediaSourceTrackDemuxer::SamplesPromise> __cdecl mozilla::MediaSourceTrackDemuxer::DoGetSamples(int32_t): manager is detached.: file /builds/worker/checkouts/gecko/dom/media/MediaDecoderStateMachine.cpp:3471
[Child 7592, MediaDecoderStateMachine #1] WARNING: Decoder=265a3f5ec00 Decode error: NS_ERROR_DOM_MEDIA_FATAL_ERR (0x806e0005) - RefPtr<MediaSourceTrackDemuxer::SamplesPromise> __cdecl mozilla::MediaSourceTrackDemuxer::DoGetSamples(int32_t): manager is detached.: file /builds/worker/chec[Child 20312, MediaDecoderStateMachine #1] WARNING: Decod[Child 7592, MediaDecoderStateMachine #1] WARNING: Decoder=265ac009c00 Decode error: NS_ERROR_DOM_MEDIA_FATAL_ERR (0x806e0005) - RefPtr<MediaSourceTrackDemuxer::SamplesPromise> __cdecl mozilla::MediaSourceTrackDemuxer::DoGetSamples(int32_t): manager is detached.: file /builds/worker/checkouts/gecko/dom/media/MediaDecoderStateMachine.cpp:3471
[Child 7592, MediaDecoderStateMachine #1] WARNING: Decoder=265ac099c00 Decode error: NS_ERROR_DOM_MEDIA_FATAL_ERR (0x806e0005) - RefPtr<MediaSourceTrackDemuxer::SamplesPromise> __cdecl mozilla::MediaSourceTrackDemuxer::DoGetSamples(int32_t): manager is detached.: file /builds/worker/checkouts/gecko/dom/media/MediaDecoderStateMachine.cpp:3471
[Child 7592, MediaDecoderStateMachine #1] WARNING: Decoder=265ae15bc00 Decode error: NS_ERROR_DOM_MEDIA_FATAL_ERR (0x806e0005) - RefPtr<MediaSourceTrackDemuxer::SamplesPromise> __cdecl mozilla::MediaSourceTrackDemuxer::DoGetSamples(int32_t): manager is detached.: file /builds/worker/checkou[Child 20312, MediaDecoderStateMachine #1] WARNING: De[Child[Child 22632, MediaDecoderStateMachine #1] WARNING: Decoder=2064060ac00 Decode error: NS_ERROR_DOM_MEDIA_FATAL_ERR (0x806e0005) - RefPtr<MediaSourceTrackDemuxer::SamplesPromise> __cdecl mozilla::MediaSourceTrackDemuxer::DoGetSamples(int32_t): manager is detached.: file /builds/worker/checkouts/gecko/dom/media/MediaDecoderStateMachine.cpp[Child [Child 22632, MediaDecoderStateMachine #1] WARNING: Decoder=20644283400 Decode error: NS_ERROR_DOM_MEDIA_FATAL_ERR (0x806e0005) - RefPtr<MediaSourceTrackDemuxer::SamplesPromise> __cdecl mozilla::MediaSourceTrackDemuxer::DoGetSamples(int32_t): manager is detached.: file /builds/worker/checkouts/gecko/dom/media/MediaDecoderStateMachine.cpp:3471
[Child 22632, MediaDecoderStateMachine #1] WARNING: Decoder=2064060ac00 Decode error: NS_ERROR_DOM_MEDIA_FATAL_ERR (0x806e0005) - RefPtr<MediaSourceTrackDemuxer::SamplesPromise> __cdecl mozilla::MediaSourceTrackDemuxer::DoGetSamples(int32_t): manager is detached.: file /builds/worker/checkouts/gecko/dom/media/MediaDecoderStateMachine.cpp:3471
[Child 22632, MediaDecoderStateMachine #1] WARNING: Decoder=2064060ac00 Decode error: NS_ERROR_DOM_MEDIA_FATAL_ERR (0x806e0005) - RefPtr<MediaSourceTrackDemuxer::SamplesPromise> __cdecl mozilla::MediaSourceTrackDemuxer::DoGetSamples(int32_t): manager is detached.: file /builds/worker/cIPDL protocol error: Handler returned error code!

###!!! IPDL protocol error: Handler returned error code!

###!!! [Parent][DispatchAsyncMessage] Error: PImageBridge::Msg_Update Processing error: message was deserialized, but the handler returned false (indicating failure)

1610079864960	Marionette	INFO	Stopped listening on port 51692

###!!! [Child][RunMessage] Error: Channel closing: too late to send/recv, messages will be lost

Decoder=265ad798000 Decode error: NS_ERROR_DOM_MEDIA_FATAL_ERR (0x806e0005) - RefPtr<MediaSourceTrackDemuxer::SamplesPromise> __cdecl mozilla::MediaSourceTrackDemuxer::DoGetSamples(int32_t): manager is detached.: file /builds/worker/checkouts/gecko/dom/media/MediaDecoderStateMachine.cpp:3471
[Child 7592, MediaDecoderStateMachine #1] WARNING: Decoder=265ad798000 Decode error: NS_ERROR_DOM_MEDIA_FATAL_ERR (0x806e0005) - RefPtr<MediaSourceTrackDemuxer::SamplesPromise> __cdecl mozilla::MediaSourceTrackDemuxer::DoGetSamples(int32_t): manager is detached.: file /builds/worker/checkouts/geckIPDL protocol error: Handler returned error code!

###!!! [Parent][DispatchAsyncMessage] Error: PImageBridge::Msg_Update Processing error: message was deserialized, but the handler returned false (indicating failure)

1610079865366	Marionette	INFO	Stopped listening on port 51921

###!!! [Child][RunMessage] Error: Channel closing: too late to send/recv, messages will be lost

oo late to send/recv, messages will be lost

dule)"))
1610079848771	Marionette	INFO	Listening on port 52343
1610079849261	Marionette	WARN	TLS certificate errors will be ignored for this session
Can't find symbol 'eglSwapBuffersWithDamageEXT'.
Can't find symbol 'eglSetDamageRegionKHR'.
IPDL protocol error: Handler returned error code!

###!!! [Parent][DispatchAsyncMessage] Error: PImageBridge::Msg_Update Processing error: message was deserialized, but the handler returned false (indicating failure)

1610079865868	Marionette	INFO	Stopped listening on port 52343

###!!! [Child][RunMessage] Error: Channel closing: too late to send/recv, messages will be lost

1610079884946	geckodriver	INFO	Listening on 127.0.0.1:52599
1610079887984	mozrunner::runner	INFO	Running command: "C:\\Program Files\\Mozilla Firefox\\firefox.exe" "--marionette" "-foreground" "-no-remote" "-profile" "C:\\Users\\TYRANN~1\\AppData\\Local\\Temp\\rust_mozprofile8G04KF"
console.warn: SearchSettings: "get: No settings file exists, new profile?" (new Error("", "(unknown module)"))
1610079889361	Marionette	INFO	Listening on port 52608
1610079889503	Marionette	WARN	TLS certificate errors will be ignored for this session
Can't find symbol 'eglSwapBuffersWithDamageEXT'.
Can't find symbol 'eglSetDamageRegionKHR'.
1610079893479	Marionette	WARN	Ignoring event 'pageshow' because document has an invalid readyState of 'uninitialized'.
[Child 17280, MediaDecoderStateMachine #1] WARNING: Decoder=2370141dc00 Decode error: NS_ERROR_DOM_MEDIA_FATAL_ERR (0x806e0005) - RefPtr<MediaSourceTrackDemuxer::SamplesPromise> __cdecl mozilla::MediaSourceTrackDemuxer::DoGetSamples(int32_t): manager is detached.: file /builds/worker/checkouts/gecko/dom/media/MediaDecoderStateMachine.cpp:3471
IPDL protocol error: Handler returned error code!

###!!! [Parent][DispatchAsyncMessage] Error: PImageBridge::Msg_Update Processing error: message was deserialized, but the handler returned false (indicating failure)

1610079978537	Marionette	INFO	Stopped listening on port 52608

[Child 8604, MediaDecoderStateMachine #1] WARNING: Decoder=227a1583800 Decode error: NS_ERROR_DOM_MEDIA_FATAL_ERR (0x806e0005) - RefPtr<MediaSourceTrackDemuxer::SamplesPromise> __cdecl mozilla::MediaSourceTrackDemuxer::DoGetSamples(int32_t): manager is detached.: file /builds/worker/checkouts/gecko/dom/media/MediaDecoderStateMachine.cpp:3471
[Child 8604, MediaDecoderStateMachine #1] WARNING: Decoder=227a1583800 Decode error: NS_ERROR_DOM_MEDIA_FATAL_ERR (0x806e0005) - RefPtr<MediaSourceTrackDemuxer::SamplesPromise> __cdecl mozilla::MediaSourceTrackDemuxer::DoGetSamples(int32_t): manager is detached.: file /builds/worker/checkouts/gecko/dom/media/MediaDecoderStateMachine.cpp:3471
1610079978964	Marionette	INFO	Stopped listening on port 52923

###!!! [Child][RunMessage] Error: Channel closing: too late to send/recv, messages will be lost

"--marionette" "-foreground" "-no-remote" "-profile" "C:\\Users\\TYRANN~1\\AppData\\Local\\Temp\\rust_mozprofilecL25jl"
console.warn: SearchSettings: "get: No settings file exists, new profile?" (new Error("", "(unknown module)"))
1610079963125	Marionette	INFO	Listening on port 53234
1610079963584	Marionette	WARN	TLS certificate errors will be ignored for this session
Can't find symbol 'eglSwapBuffersWithDamageEXT'.
Can't find symbol 'eglSetDamageRegionKHR'.
1610079966264	Marionette	WARN	Ignoring event 'pageshow' because document has an invalid readyState of 'uninitialized'.
IPDL protocol error: Handler returned error code!

###!!! [Parent][DispatchAsyncMessage] Error: PImageBridge::Msg_Update Processing error: message was deserialized, but the handler returned false (indicating failure)

[Child 18784, Chrome_ChildThread] WARNING: pipe error: 232: file /builds/worker/checkouts/gecko/ipc/chromium/src/chrome/common/ipc_channel_win.cc:545
1610079979446	Marionette	INFO	Stopped listening on port 53234

###!!! [Child][RunMessage] Error: Channel closing: too late to send/recv, messages will be lost

1610080007916	geckodriver	INFO	Listening on 127.0.0.1:53483
1610080010953	mozrunner::runner	INFO	Running command: "C:\\Program Files\\Mozilla Firefox\\firefox.exe" "--marionette" "-foreground" "-no-remote" "-profile" "C:\\Users\\TYRANN~1\\AppData\\Local\\Temp\\rust_mozprofilepLUeNn"
console.warn: SearchSettings: "get: No settings file exists, new profile?" (new Error("", "(unknown module)"))
1610080012254	Marionette	INFO	Listening on port 53492
1610080012474	Marionette	WARN	TLS certificate errors will be ignored for this session
Can't find symbol 'eglSwapBuffersWithDamageEXT'.
Can't find symbol 'eglSetDamageRegionKHR'.
1610080025073	Marionette	INFO	Stopped listening on port 53492

###!!! [Child][RunMessage] Error: Channel closing: too late to send/recv, messages will be lost

1610080046224	geckodriver	INFO	Listening on 127.0.0.1:53748
1610080049265	mozrunner::runner	INFO	Running command: "C:\\Program Files\\Mozilla Firefox\\firefox.exe" "--marionette" "-foreground" "-no-remote" "-profile" "C:\\Users\\TYRANN~1\\AppData\\Local\\Temp\\rust_mozprofileXLT95v"
console.warn: SearchSettings: "get: No settings file exists, new profile?" (new Error("", "(unknown module)"))
1610080050604	Marionette	INFO	Listening on port 53756
1610080050792	Marionette	WARN	TLS certificate errors will be ignored for this session
Can't find symbol 'eglSwapBuffersWithDamageEXT'.
Can't find symbol 'eglSetDamageRegionKHR'.
1610080057347	Marionette	INFO	Stopped listening on port 53756
1610080073456	geckodriver	INFO	Listening on 127.0.0.1:54022
1610080076490	mozrunner::runner	INFO	Running command: "C:\\Program Files\\Mozilla Firefox\\firefox.exe" "--marionette" "-foreground" "-no-remote" "-profile" "C:\\Users\\TYRANN~1\\AppData\\Local\\Temp\\rust_mozprofilehYmoiC"
console.warn: SearchSettings: "get: No settings file exists, new profile?" (new Error("", "(unknown module)"))
1610080077785	Marionette	INFO	Listening on port 54030
1610080078007	Marionette	WARN	TLS certificate errors will be ignored for this session
Can't find symbol 'eglSwapBuffersWithDamageEXT'.
Can't find symbol 'eglSetDamageRegionKHR'.
1610080086358	Marionette	INFO	Stopped listening on port 54030

###!!! [Child][RunMessage] Error: Channel closing: too late to send/recv, messages will be lost

1610080702561	geckodriver	INFO	Listening on 127.0.0.1:54358
1610080705596	mozrunner::runner	INFO	Running command: "C:\\Program Files\\Mozilla Firefox\\firefox.exe" "--marionette" "-foreground" "-no-remote" "-profile" "C:\\Users\\TYRANN~1\\AppData\\Local\\Temp\\rust_mozprofileuq283f"
console.warn: SearchSettings: "get: No settings file exists, new profile?" (new Error("", "(unknown module)"))
1610080706924	Marionette	INFO	Listening on port 54366
1610080707132	Marionette	WARN	TLS certificate errors will be ignored for this session
Can't find symbol 'eglSwapBuffersWithDamageEXT'.
Can't find symbol 'eglSetDamageRegionKHR'.
IPDL protocol error: Handler returned error code!

###!!! [Parent][DispatchAsyncMessage] Error: PImageBridge::Msg_Update Processing error: message was deserialized, but the handler returned false (indicating failure)

1610080789401	Marionette	INFO	Stopped listening on port 54366

###!!! [Child][RunMessage] Error: Channel closing: too late to send/recv, messages will be lost

dule)"))
1610080775893	Marionette	INFO	Listening on port 54657
1610080775929	Marionette	WARN	TLS certificate errors will be ignored for this session
Can't find symbol 'eglSwapBuffersWithDamageEXT'.
Can't find symbol 'eglSetDamageRegionKHR'.
1610080786540	Marionette	INFO	Stopped listening on port 54657
1610080993242	geckodriver	INFO	Listening on 127.0.0.1:54980
1610080996276	mozrunner::runner	INFO	Running command: "C:\\Program Files\\Mozilla Firefox\\firefox.exe" "--marionette" "-foreground" "-no-remote" "-profile" "C:\\Users\\TYRANN~1\\AppData\\Local\\Temp\\rust_mozprofileKcaS93"
console.warn: SearchSettings: "get: No settings file exists, new profile?" (new Error("", "(unknown module)"))
1610080997653	Marionette	INFO	Listening on port 54988
1610080997795	Marionette	WARN	TLS certificate errors will be ignored for this session
Can't find symbol 'eglSwapBuffersWithDamageEXT'.
Can't find symbol 'eglSetDamageRegionKHR'.
1610081006232	Marionette	INFO	Stopped listening on port 54988

###!!! [Child][RunMessage] Error: Channel closing: too late to send/recv, messages will be lost

1610081068165	geckodriver	INFO	Listening on 127.0.0.1:55278
1610081071205	mozrunner::runner	INFO	Running command: "C:\\Program Files\\Mozilla Firefox\\firefox.exe" "--marionette" "-foreground" "-no-remote" "-profile" "C:\\Users\\TYRANN~1\\AppData\\Local\\Temp\\rust_mozprofileIvM3WJ"
console.warn: SearchSettings: "get: No settings file exists, new profile?" (new Error("", "(unknown module)"))
1610081072540	Marionette	INFO	Listening on port 55286
1610081072722	Marionette	WARN	TLS certificate errors will be ignored for this session
Can't find symbol 'eglSwapBuffersWithDamageEXT'.
Can't find symbol 'eglSetDamageRegionKHR'.
1610081084217	Marionette	INFO	Stopped listening on port 55286

###!!! [Child][RunMessage] Error: Channel closing: too late to send/recv, messages will be lost

1610081130969	geckodriver	INFO	Listening on 127.0.0.1:55564
1610081134010	mozrunner::runner	INFO	Running command: "C:\\Program Files\\Mozilla Firefox\\firefox.exe" "--marionette" "-foreground" "-no-remote" "-profile" "C:\\Users\\TYRANN~1\\AppData\\Local\\Temp\\rust_mozprofile8WaPFe"
console.warn: SearchSettings: "get: No settings file exists, new profile?" (new Error("", "(unknown module)"))
1610081135384	Marionette	INFO	Listening on port 55572
1610081135534	Marionette	WARN	TLS certificate errors will be ignored for this session
Can't find symbol 'eglSwapBuffersWithDamageEXT'.
Can't find symbol 'eglSetDamageRegionKHR'.
1610081143321	Marionette	INFO	Stopped listening on port 55572
1610081177710	geckodriver	INFO	Listening on 127.0.0.1:55861
1610081180748	mozrunner::runner	INFO	Running command: "C:\\Program Files\\Mozilla Firefox\\firefox.exe" "--marionette" "-foreground" "-no-remote" "-profile" "C:\\Users\\TYRANN~1\\AppData\\Local\\Temp\\rust_mozprofileewVj9K"
console.warn: SearchSettings: "get: No settings file exists, new profile?" (new Error("", "(unknown module)"))
1610081182091	Marionette	INFO	Listening on port 55869
1610081182266	Marionette	WARN	TLS certificate errors will be ignored for this session
Can't find symbol 'eglSwapBuffersWithDamageEXT'.
Can't find symbol 'eglSetDamageRegionKHR'.
[Child 8076, MediaDecoderStateMachine #1] WARNING: Decoder=1eace39c800 Decode error: NS_ERROR_DOM_MEDIA_FATAL_ERR (0x806e0005) - RefPtr<MediaSourceTrackDemuxer::SamplesPromise> __cdecl mozilla::MediaSourceTrackDemuxer::DoGetSamples(int32_t): manager is detached.: file /builds/worker/checkouts/gecko/dom/media/MediaDecoderStateMachine.cpp:3471
[Child 8076, MediaDecoderStateMachine #1] WARNING: Decoder=1eacbf04c00 Decode error: NS_ERROR_DOM_MEDIA_FATAL_ERR (0x806e0005) - RefPtr<MediaSourceTrackDemuxer::SamplesPromise> __cdecl mozilla::MediaSourceTrackDemuxer::DoGetSamples(int32_t): manager is detached.: file /builds/worker/checkouts/gecko/dom/media/MediaDecoderStateMachine.cpp:3471
[Child 8076, MediaDecoderStateMachine #1] WARNING: Decoder=1eacbf04c00 Decode error: NS_ERROR_DOM_MEDIA_FATAL_ERR (0x806e0005) - RefPtr<MediaSourceTrackDemuxer::SamplesPromise> __cdecl mozilla::MediaSourceTrackDemuxer::DoGetSamples(int32_t): manager is detached.: file /builds/worker/checkouts/gecko/dom/media/MediaDecoderStateMachine.cpp:3471
[Child 8076, MediaDecoderStateMachine #1] WARNING: Decoder=1ead417e800 Decode error: NS_ERROR_DOM_MEDIA_FATAL_ERR (0x806e0005) - RefPtr<MediaSourceTrackDemuxer::SamplesPromise> __cdecl mozilla::MediaSourceTrackDemuxer::DoGetSamples(int32_t): manager is detached.: file /builds/worker/checkouts/gecko/dom/media/MediaDecoderStateMachine.cpp:3471
[Child 8076, MediaDecoderStateMachine #1] WARNING: Decoder=1eace234800 Decode error: NS_ERROR_DOM_MEDIA_FATAL_ERR (0x806e0005) - RefPtr<MediaSourceTrackDemuxer::SamplesPromise> __cdecl mozilla::MediaSourceTrackDemuxer::DoGetSamples(int32_t): manager is detached.: file /builds/worker/checkouts/gecko/dom/media/MediaDecoderStateMachine.cpp:3471
1610081502323	Marionette	INFO	Stopped listening on port 55869

###!!! [Child][RunMessage] Error: Channel closing: too late to send/recv, messages will be lost

ozrunner::runner	INFO	Running command: "C:\\Program Files\\Mozilla Firefox\\firefox.exe" "--marionette" "-foreground" "-no-remote" "-profile" "C:\\Users\\TYRANN~1\\AppData\\Local\\Temp\\rust_mozprofilepb37zX"
console.warn: SearchSettings: "get: No settings file exists, new profile?" (new Error("", "(unknown module)"))
1610081448816	Marionette	INFO	Listening on port 56940
1610081448951	Marionette	WARN	TLS certificate errors will be ignored for this session
Can't find symbol 'eglSwapBuffersWithDamageEXT'.
Can't find symbol 'eglSetDamageRegionKHR'.
1610081459571	Marionette	INFO	Stopped listening on port 56940
1610081537532	geckodriver	INFO	Listening on 127.0.0.1:57239
1610081540573	mozrunner::runner	INFO	Running command: "C:\\Program Files\\Mozilla Firefox\\firefox.exe" "--marionette" "-foreground" "-no-remote" "-profile" "C:\\Users\\TYRANN~1\\AppData\\Local\\Temp\\rust_mozprofileBIagLw"
console.warn: SearchSettings: "get: No settings file exists, new profile?" (new Error("", "(unknown module)"))
1610081541874	Marionette	INFO	Listening on port 57248
1610081542096	Marionette	WARN	TLS certificate errors will be ignored for this session
Can't find symbol 'eglSwapBuffersWithDamageEXT'.
Can't find symbol 'eglSetDamageRegionKHR'.
1610081551231	Marionette	INFO	Stopped listening on port 57248

###!!! [Child][RunMessage] Error: Channel closing: too late to send/recv, messages will be lost

1610081579362	geckodriver	INFO	Listening on 127.0.0.1:57529
1610081582394	mozrunner::runner	INFO	Running command: "C:\\Program Files\\Mozilla Firefox\\firefox.exe" "--marionette" "-foreground" "-no-remote" "-profile" "C:\\Users\\TYRANN~1\\AppData\\Local\\Temp\\rust_mozprofilessLSXZ"
console.warn: SearchSettings: "get: No settings file exists, new profile?" (new Error("", "(unknown module)"))
1610081583667	Marionette	INFO	Listening on port 57537
1610081583914	Marionette	WARN	TLS certificate errors will be ignored for this session
Can't find symbol 'eglSwapBuffersWithDamageEXT'.
Can't find symbol 'eglSetDamageRegionKHR'.
1610081591347	Marionette	INFO	Stopped listening on port 57537

###!!! [Child][RunMessage] Error: Channel closing: too late to send/recv, messages will be lost

1610081718007	geckodriver	INFO	Listening on 127.0.0.1:57819
1610081721048	mozrunner::runner	INFO	Running command: "C:\\Program Files\\Mozilla Firefox\\firefox.exe" "--marionette" "-foreground" "-no-remote" "-profile" "C:\\Users\\TYRANN~1\\AppData\\Local\\Temp\\rust_mozprofile5zLw4D"
console.warn: SearchSettings: "get: No settings file exists, new profile?" (new Error("", "(unknown module)"))
1610081722354	Marionette	INFO	Listening on port 57827
1610081722570	Marionette	WARN	TLS certificate errors will be ignored for this session
Can't find symbol 'eglSwapBuffersWithDamageEXT'.
Can't find symbol 'eglSetDamageRegionKHR'.
[Child 7440, MediaDecoderStateMachine #1] WARNING: Decoder=16e70007400 Decode error: NS_ERROR_DOM_MEDIA_FATAL_ERR (0x806e0005) - RefPtr<MediaSourceTrackDemuxer::SamplesPromise> __cdecl mozilla::MediaSourceTrackDemuxer::DoGetSamples(int32_t): manager is detached.: file /builds/worker/checkouts/gecko/dom/media/MediaDecoderStateMachine.cpp:3471
[Child 7440, MediaDecoderStateMachine #1] WARNING: Decoder=16e72528800 Decode error: NS_ERROR_DOM_MEDIA_FATAL_ERR (0x806e0005) - RefPtr<MediaSourceTrackDemuxer::SamplesPromise> __cdecl mozilla::MediaSourceTrackDemuxer::DoGetSamples(int32_t): manager is detached.: file /builds/worker/checkouts/gecko/dom/media/MediaDecoderStateMachine.cpp:3471
[Child 7440, MediaDecoderStateMachine #1] WARNING: Decoder=16e7000d000 Decode error: NS_ERROR_DOM_MEDIA_FATAL_ERR (0x806e0005) - RefPtr<MediaSourceTrackDemuxer::SamplesPromise> __cdecl mozilla::MediaSourceTrackDemuxer::DoGetSamples(int32_t): manager is detached.: file /builds/worker/checkouts/gecko/dom/media/MediaDecoderStateMachine.cpp:3471
[Child 7440, MediaDecoderStateMachine #1] WARNING: Decoder=16e71832000 Decode error: NS_ERROR_DOM_MEDIA_FATAL_ERR (0x806e0005) - RefPtr<MediaSourceTrackDemuxer::SamplesPromise> __cdecl mozilla::MediaSourceTrackDemuxer::DoGetSamples(int32_t): manager is detached.: file /builds/worker/checkouts/gecko/dom/media/MediaDecoderStateMachine.cpp:3471
[Child 7440, MediaDecoderStateMachine #1] WARNING: Decoder=16e7230e800 Decode error: NS_ERROR_DOM_MEDIA_FATAL_ERR (0x806e0005) - RefPtr<MediaSourceTrackDemuxer::SamplesPromise> __cdecl mozilla::MediaSourceTrackDemuxer::DoGetSamples(int32_t): manager is detached.: file /builds/worker/checkouts/gecko/dom/media/MediaDecoderStateMachine.cpp:3471
[Child 7440, MediaDecoderStateMachine #1] WARNING: Decoder=16e7230e800 Decode error: NS_ERROR_DOM_MEDIA_FATAL_ERR (0x806e0005) - RefPtr<MediaSourceTrackDemuxer::SamplesPromise> __cdecl mozilla::MediaSourceTrackDemuxer::DoGetSamples(int32_t): manager is detached.: file /builds/worker/checkouts/gecko/dom/media/MediaDecoderStateMachine.cpp:3471
[Child 7440, MediaDecoderStateMachine #1] WARNING: Decoder=16e7009a000 Decode error: NS_ERROR_DOM_MEDIA_FATAL_ERR (0x806e0005) - RefPtr<MediaSourceTrackDemuxer::SamplesPromise> __cdecl mozilla::MediaSourceTrackDemuxer::DoGetSamples(int32_t): manager is detached.: file /builds/worker/checkouts/gecko/dom/media/MediaDecoderStateMachine.cpp:3471
[Child 7440, MediaDecoderStateMachine #1] WARNING: Decoder=16e7230dc00 Decode error: NS_ERROR_DOM_MEDIA_FATAL_ERR (0x806e0005) - RefPtr<MediaSourceTrackDemuxer::SamplesPromise> __cdecl mozilla::MediaSourceTrackDemuxer::DoGetSamples(int32_t): manager is detached.: file /builds/worker/checkouts/gecko/dom/media/MediaDecoderStateMachine.cpp:3471
IPDL protocol error: Handler returned error code!

###!!! [Parent][DispatchAsyncMessage] Error: PImageBridge::Msg_Update Processing error: message was deserialized, but the handler returned false (indicating failure)

1610082184435	Marionette	INFO	Stopped listening on port 57827

###!!! [Child][RunMessage] Error: Channel closing: too late to send/recv, messages will be lost

lSwapBuffersWithDamageEXT'.
Can't find symbol 'eglSetDamageRegionKHR'.
1610081954791	Marionette	WARN	Ignoring event 'pageshow' because document has an invalid readyState of 'uninitialized'.
1610081958564	Marionette	INFO	Stopped listening on port 58890

###!!! [Child][RunMessage] Error: Channel closing: too late to send/recv, messages will be lost

1610082162078	geckodriver	INFO	Listening on 127.0.0.1:59177
1610082165099	mozrunner::runner	INFO	Running command: "C:\\Program Files\\Mozilla Firefox\\firefox.exe" "--marionette" "-foreground" "-no-remote" "-profile" "C:\\Users\\TYRANN~1\\AppData\\Local\\Temp\\rust_mozprofile9EzC2o"
console.warn: SearchSettings: "get: No settings file exists, new profile?" (new Error("", "(unknown module)"))
1610082166480	Marionette	INFO	Listening on port 59185
1610082166620	Marionette	WARN	TLS certificate errors will be ignored for this session
Can't find symbol 'eglSwapBuffersWithDamageEXT'.
Can't find symbol 'eglSetDamageRegionKHR'.
IPDL protocol error: Handler returned error code!

###!!! [Parent][DispatchAsyncMessage] Error: PImageBridge::Msg_Update Processing error: message was deserialized, but the handler returned false (indicating failure)

1610082180645	Marionette	INFO	Stopped listening on port 59185

###!!! [Child][RunMessage] Error: Channel closing: too late to send/recv, messages will be lost

1610082210459	geckodriver	INFO	Listening on 127.0.0.1:59468
1610082213485	mozrunner::runner	INFO	Running command: "C:\\Program Files\\Mozilla Firefox\\firefox.exe" "--marionette" "-foreground" "-no-remote" "-profile" "C:\\Users\\TYRANN~1\\AppData\\Local\\Temp\\rust_mozprofileKVstk0"
console.warn: SearchSettings: "get: No settings file exists, new profile?" (new Error("", "(unknown module)"))
1610082214859	Marionette	INFO	Listening on port 59476
1610082215008	Marionette	WARN	TLS certificate errors will be ignored for this session
Can't find symbol 'eglSwapBuffersWithDamageEXT'.
Can't find symbol 'eglSetDamageRegionKHR'.
1610082226990	Marionette	INFO	Stopped listening on port 59476
1610082235198	geckodriver	INFO	Listening on 127.0.0.1:59765
1610082238231	mozrunner::runner	INFO	Running command: "C:\\P1610082240902	mozrunner::runner	INFO	Running command: "C:\\Program Files\\Mozilla Firefox\\firefox.exe" "--marionette" "-foreground" "-no-remote" "-profile" "C:\\Users\\TYRANN~1\\AppData\\Local\\Temp\\rust_mozprofileGh6RSh"
console.warn: SearchSettings: "get: No settings file exists, new profile?" (new Error("", "(unknown module)"))
1610082242733	Marionette	INFO	Listening on port 59828
1610082242924	Marionette	WARN	TLS certificate errors will be ignored for this session
Can't find symbol 'eglSwapBuffersWithDamageEXT'.
Can't find symbol 'eglSetDamageRegionKHR'.
1610082251150	Marionette	INFO	Stopped listening on port 59828
e to send/recv, messages will be lost

1610232048276	geckodriver	INFO	Listening on 127.0.0.1:50614
1610232051284	mozrunner::runner	INFO	Running command: "C:\\Program Files\\Mozilla Firefox\\firefox.exe" "--marionette" "-foreground" "-no-remote" "-profile" "C:\\Users\\TYRANN~1\\AppData\\Local\\Temp\\rust_mozprofileYI9CIj"
console.warn: SearchSettings: "get: No settings file exists, new profile?" (new Error("", "(unknown module)"))
1610232052591	Marionette	INFO	Listening on port 50622
1610232052804	Marionette	WARN	TLS certificate errors will be ignored for this session
Can't find symbol 'eglSwapBuffersWithDamageEXT'.
Can't find symbol 'eglSetDamageRegionKHR'.
IPDL protocol error: Handler returned error code!

###!!! [Parent][DispatchAsyncMessage] Error: PImageBridge::Msg_Update Processing error: message was deserialized, but the handler returned false (indicating failure)

1610232066807	Marionette	INFO	Stopped listening on port 50622

###!!! [Child][RunMessage] Error: Channel closing: too late to send/recv, messages will be lost

1610232180799	geckodriver	INFO	Listening on 127.0.0.1:50968
1610232183848	mozrunner::runner	INFO	Running command: "C:\\Program Files\\Mozilla Firefox\\firefox.exe" "--marionette" "-foreground" "-no-remote" "-profile" "C:\\Users\\TYRANN~1\\AppData\\Local\\Temp\\rust_mozprofileLsU2bs"
console.warn: SearchSettings: "get: No settings file exists, new profile?" (new Error("", "(unknown module)"))
1610232185177	Marionette	INFO	Listening on port 50976
1610232185368	Marionette	WARN	TLS certificate errors will be ignored for this session
Can't find symbol 'eglSwapBuffersWithDamageEXT'.
Can't find symbol 'eglSetDamageRegionKHR'.
1610232195781	Marionette	INFO	Stopped listening on port 50976

###!!! [Child][RunMessage] Error: Channel closing: too late to send/recv, messages will be lost

